<?xml version="1.0" encoding="UTF-8"?>
<!-- Generated by org.testng.reporters.JUnitXMLReporter -->
<testsuite hostname="AGILIZLAP002" name="ChatBot Test Cases" tests="8" failures="0" timestamp="20 May 2018 03:23:23 GMT" time="2241.988" errors="0">
  <testcase name="clickActiveCard" time="3.697" classname="com.agiliz.chatbot.testcases.ActiveCardTest"/>
  <testcase name="verifyActiveCardTitle" time="0.03" classname="com.agiliz.chatbot.testcases.ActiveCardTest"/>
  <testcase name="actCreditCardMsg" time="21.625" classname="com.agiliz.chatbot.testcases.ActiveCardTest"/>
  <testcase name="actCreditSuc1Msg" time="22.027" classname="com.agiliz.chatbot.testcases.ActiveCardTest"/>
  <testcase name="actCreditSuc2Msg" time="21.543" classname="com.agiliz.chatbot.testcases.ActiveCardTest"/>
  <testcase name="actCreditSuc3Msg" time="22.093" classname="com.agiliz.chatbot.testcases.ActiveCardTest"/>
  <testcase name="actCreditYsMsg" time="21.549" classname="com.agiliz.chatbot.testcases.ActiveCardTest"/>
  <testcase name="actCreditMailMsg" time="22.043" classname="com.agiliz.chatbot.testcases.ActiveCardTest"/>
</testsuite> <!-- ChatBot Test Cases -->
