<?xml version="1.0" encoding="UTF-8"?>
<!-- Generated by org.testng.reporters.JUnitXMLReporter -->
<testsuite hostname="AGILIZLAP002" name="Default test" tests="8" failures="0" timestamp="20 May 2018 03:37:05 GMT" time="133.939" errors="0">
  <testcase name="clickActiveCard" time="3.546" classname="com.agiliz.chatbot.testcases.ActiveCardTest"/>
  <testcase name="verifyActiveCardTitle" time="0.044" classname="com.agiliz.chatbot.testcases.ActiveCardTest"/>
  <testcase name="actCreditCardMsg" time="21.677" classname="com.agiliz.chatbot.testcases.ActiveCardTest"/>
  <testcase name="actCreditSuc1Msg" time="21.615" classname="com.agiliz.chatbot.testcases.ActiveCardTest"/>
  <testcase name="actCreditSuc2Msg" time="21.565" classname="com.agiliz.chatbot.testcases.ActiveCardTest"/>
  <testcase name="actCreditSuc3Msg" time="21.76" classname="com.agiliz.chatbot.testcases.ActiveCardTest"/>
  <testcase name="actCreditYsMsg" time="21.525" classname="com.agiliz.chatbot.testcases.ActiveCardTest"/>
  <testcase name="actCreditMailMsg" time="21.511" classname="com.agiliz.chatbot.testcases.ActiveCardTest"/>
</testsuite> <!-- Default test -->
